The system is: Linux - 5.15.0-91-generic - x86_64
Compiling the CXX compiler identification source file "CMakeCXXCompilerId.cpp" succeeded.
Compiler: /usr/bin/clang++-16 
Build flags: 
Id flags:  

The output was:
0


Compilation of the CXX compiler identification source "CMakeCXXCompilerId.cpp" produced "a.out"

The CXX compiler identification is Clang, found in "/home/henryco/Projects/stereox/build/CMakeFiles/3.16.3/CompilerIdCXX/a.out"

Determining if the CXX compiler works passed with the following output:
Change Dir: /home/henryco/Projects/stereox/build/CMakeFiles/CMakeTmp

Run Build Command(s):/usr/bin/make cmTC_17507/fast && /usr/bin/make -f CMakeFiles/cmTC_17507.dir/build.make CMakeFiles/cmTC_17507.dir/build
make[1]: Entering directory '/home/henryco/Projects/stereox/build/CMakeFiles/CMakeTmp'
Building CXX object CMakeFiles/cmTC_17507.dir/testCXXCompiler.cxx.o
/usr/bin/clang++-16     -o CMakeFiles/cmTC_17507.dir/testCXXCompiler.cxx.o -c /home/henryco/Projects/stereox/build/CMakeFiles/CMakeTmp/testCXXCompiler.cxx
Linking CXX executable cmTC_17507
/usr/bin/cmake -E cmake_link_script CMakeFiles/cmTC_17507.dir/link.txt --verbose=1
/usr/bin/clang++-16       CMakeFiles/cmTC_17507.dir/testCXXCompiler.cxx.o  -o cmTC_17507 
make[1]: Leaving directory '/home/henryco/Projects/stereox/build/CMakeFiles/CMakeTmp'



Detecting CXX compiler ABI info compiled with the following output:
Change Dir: /home/henryco/Projects/stereox/build/CMakeFiles/CMakeTmp

Run Build Command(s):/usr/bin/make cmTC_21e12/fast && /usr/bin/make -f CMakeFiles/cmTC_21e12.dir/build.make CMakeFiles/cmTC_21e12.dir/build
make[1]: Entering directory '/home/henryco/Projects/stereox/build/CMakeFiles/CMakeTmp'
Building CXX object CMakeFiles/cmTC_21e12.dir/CMakeCXXCompilerABI.cpp.o
/usr/bin/clang++-16    -v -o CMakeFiles/cmTC_21e12.dir/CMakeCXXCompilerABI.cpp.o -c /usr/share/cmake-3.16/Modules/CMakeCXXCompilerABI.cpp
Ubuntu clang version 16.0.6 (++20231112100455+7cbf1a259152-1~exp1~20231112100542.106)
Target: x86_64-pc-linux-gnu
Thread model: posix
InstalledDir: /usr/bin
Found candidate GCC installation: /usr/bin/../lib/gcc/x86_64-linux-gnu/8
Found candidate GCC installation: /usr/bin/../lib/gcc/x86_64-linux-gnu/9
Selected GCC installation: /usr/bin/../lib/gcc/x86_64-linux-gnu/9
Candidate multilib: .;@m64
Selected multilib: .;@m64
Found CUDA installation: /usr/local/cuda-12.0, version 
 (in-process)
 "/usr/lib/llvm-16/bin/clang" -cc1 -triple x86_64-pc-linux-gnu -emit-obj -mrelax-all -disable-free -clear-ast-before-backend -disable-llvm-verifier -discard-value-names -main-file-name CMakeCXXCompilerABI.cpp -mrelocation-model pic -pic-level 2 -pic-is-pie -mframe-pointer=all -fmath-errno -ffp-contract=on -fno-rounding-math -mconstructor-aliases -funwind-tables=2 -target-cpu x86-64 -tune-cpu generic -mllvm -treat-scalable-fixed-error-as-warning -debugger-tuning=gdb -v -fcoverage-compilation-dir=/home/henryco/Projects/stereox/build/CMakeFiles/CMakeTmp -resource-dir /usr/lib/llvm-16/lib/clang/16 -internal-isystem /usr/bin/../lib/gcc/x86_64-linux-gnu/9/../../../../include/c++/9 -internal-isystem /usr/bin/../lib/gcc/x86_64-linux-gnu/9/../../../../include/x86_64-linux-gnu/c++/9 -internal-isystem /usr/bin/../lib/gcc/x86_64-linux-gnu/9/../../../../include/c++/9/backward -internal-isystem /usr/lib/llvm-16/lib/clang/16/include -internal-isystem /usr/local/include -internal-isystem /usr/bin/../lib/gcc/x86_64-linux-gnu/9/../../../../x86_64-linux-gnu/include -internal-externc-isystem /usr/include/x86_64-linux-gnu -internal-externc-isystem /include -internal-externc-isystem /usr/include -fdeprecated-macro -fdebug-compilation-dir=/home/henryco/Projects/stereox/build/CMakeFiles/CMakeTmp -ferror-limit 19 -fgnuc-version=4.2.1 -fcxx-exceptions -fexceptions -faddrsig -D__GCC_HAVE_DWARF2_CFI_ASM=1 -o CMakeFiles/cmTC_21e12.dir/CMakeCXXCompilerABI.cpp.o -x c++ /usr/share/cmake-3.16/Modules/CMakeCXXCompilerABI.cpp
clang -cc1 version 16.0.6 based upon LLVM 16.0.6 default target x86_64-pc-linux-gnu
ignoring nonexistent directory "/usr/bin/../lib/gcc/x86_64-linux-gnu/9/../../../../x86_64-linux-gnu/include"
ignoring nonexistent directory "/include"
#include "..." search starts here:
#include <...> search starts here:
 /usr/bin/../lib/gcc/x86_64-linux-gnu/9/../../../../include/c++/9
 /usr/bin/../lib/gcc/x86_64-linux-gnu/9/../../../../include/x86_64-linux-gnu/c++/9
 /usr/bin/../lib/gcc/x86_64-linux-gnu/9/../../../../include/c++/9/backward
 /usr/lib/llvm-16/lib/clang/16/include
 /usr/local/include
 /usr/include/x86_64-linux-gnu
 /usr/include
End of search list.
Linking CXX executable cmTC_21e12
/usr/bin/cmake -E cmake_link_script CMakeFiles/cmTC_21e12.dir/link.txt --verbose=1
/usr/bin/clang++-16      -v CMakeFiles/cmTC_21e12.dir/CMakeCXXCompilerABI.cpp.o  -o cmTC_21e12 
Ubuntu clang version 16.0.6 (++20231112100455+7cbf1a259152-1~exp1~20231112100542.106)
Target: x86_64-pc-linux-gnu
Thread model: posix
InstalledDir: /usr/bin
Found candidate GCC installation: /usr/bin/../lib/gcc/x86_64-linux-gnu/8
Found candidate GCC installation: /usr/bin/../lib/gcc/x86_64-linux-gnu/9
Selected GCC installation: /usr/bin/../lib/gcc/x86_64-linux-gnu/9
Candidate multilib: .;@m64
Selected multilib: .;@m64
Found CUDA installation: /usr/local/cuda-12.0, version 
 "/usr/bin/ld" -pie --hash-style=gnu --build-id --eh-frame-hdr -m elf_x86_64 -dynamic-linker /lib64/ld-linux-x86-64.so.2 -o cmTC_21e12 /lib/x86_64-linux-gnu/Scrt1.o /lib/x86_64-linux-gnu/crti.o /usr/bin/../lib/gcc/x86_64-linux-gnu/9/crtbeginS.o -L/usr/bin/../lib/gcc/x86_64-linux-gnu/9 -L/usr/bin/../lib/gcc/x86_64-linux-gnu/9/../../../../lib64 -L/lib/x86_64-linux-gnu -L/lib/../lib64 -L/usr/lib/x86_64-linux-gnu -L/usr/lib/../lib64 -L/lib -L/usr/lib CMakeFiles/cmTC_21e12.dir/CMakeCXXCompilerABI.cpp.o -lstdc++ -lm -lgcc_s -lgcc -lc -lgcc_s -lgcc /usr/bin/../lib/gcc/x86_64-linux-gnu/9/crtendS.o /lib/x86_64-linux-gnu/crtn.o
make[1]: Leaving directory '/home/henryco/Projects/stereox/build/CMakeFiles/CMakeTmp'



Parsed CXX implicit include dir info from above output: rv=done
  found start of include info
  found start of implicit include info
    add: [/usr/bin/../lib/gcc/x86_64-linux-gnu/9/../../../../include/c++/9]
    add: [/usr/bin/../lib/gcc/x86_64-linux-gnu/9/../../../../include/x86_64-linux-gnu/c++/9]
    add: [/usr/bin/../lib/gcc/x86_64-linux-gnu/9/../../../../include/c++/9/backward]
    add: [/usr/lib/llvm-16/lib/clang/16/include]
    add: [/usr/local/include]
    add: [/usr/include/x86_64-linux-gnu]
    add: [/usr/include]
  end of search list found
  collapse include dir [/usr/bin/../lib/gcc/x86_64-linux-gnu/9/../../../../include/c++/9] ==> [/usr/include/c++/9]
  collapse include dir [/usr/bin/../lib/gcc/x86_64-linux-gnu/9/../../../../include/x86_64-linux-gnu/c++/9] ==> [/usr/include/x86_64-linux-gnu/c++/9]
  collapse include dir [/usr/bin/../lib/gcc/x86_64-linux-gnu/9/../../../../include/c++/9/backward] ==> [/usr/include/c++/9/backward]
  collapse include dir [/usr/lib/llvm-16/lib/clang/16/include] ==> [/usr/lib/llvm-16/lib/clang/16/include]
  collapse include dir [/usr/local/include] ==> [/usr/local/include]
  collapse include dir [/usr/include/x86_64-linux-gnu] ==> [/usr/include/x86_64-linux-gnu]
  collapse include dir [/usr/include] ==> [/usr/include]
  implicit include dirs: [/usr/include/c++/9;/usr/include/x86_64-linux-gnu/c++/9;/usr/include/c++/9/backward;/usr/lib/llvm-16/lib/clang/16/include;/usr/local/include;/usr/include/x86_64-linux-gnu;/usr/include]


Parsed CXX implicit link information from above output:
  link line regex: [^( *|.*[/\])(ld|CMAKE_LINK_STARTFILE-NOTFOUND|([^/\]+-)?ld|collect2)[^/\]*( |$)]
  ignore line: [Change Dir: /home/henryco/Projects/stereox/build/CMakeFiles/CMakeTmp]
  ignore line: []
  ignore line: [Run Build Command(s):/usr/bin/make cmTC_21e12/fast && /usr/bin/make -f CMakeFiles/cmTC_21e12.dir/build.make CMakeFiles/cmTC_21e12.dir/build]
  ignore line: [make[1]: Entering directory '/home/henryco/Projects/stereox/build/CMakeFiles/CMakeTmp']
  ignore line: [Building CXX object CMakeFiles/cmTC_21e12.dir/CMakeCXXCompilerABI.cpp.o]
  ignore line: [/usr/bin/clang++-16    -v -o CMakeFiles/cmTC_21e12.dir/CMakeCXXCompilerABI.cpp.o -c /usr/share/cmake-3.16/Modules/CMakeCXXCompilerABI.cpp]
  ignore line: [Ubuntu clang version 16.0.6 (++20231112100455+7cbf1a259152-1~exp1~20231112100542.106)]
  ignore line: [Target: x86_64-pc-linux-gnu]
  ignore line: [Thread model: posix]
  ignore line: [InstalledDir: /usr/bin]
  ignore line: [Found candidate GCC installation: /usr/bin/../lib/gcc/x86_64-linux-gnu/8]
  ignore line: [Found candidate GCC installation: /usr/bin/../lib/gcc/x86_64-linux-gnu/9]
  ignore line: [Selected GCC installation: /usr/bin/../lib/gcc/x86_64-linux-gnu/9]
  ignore line: [Candidate multilib: .]
  ignore line: [@m64]
  ignore line: [Selected multilib: .]
  ignore line: [@m64]
  ignore line: [Found CUDA installation: /usr/local/cuda-12.0  version ]
  ignore line: [ (in-process)]
  ignore line: [ "/usr/lib/llvm-16/bin/clang" -cc1 -triple x86_64-pc-linux-gnu -emit-obj -mrelax-all -disable-free -clear-ast-before-backend -disable-llvm-verifier -discard-value-names -main-file-name CMakeCXXCompilerABI.cpp -mrelocation-model pic -pic-level 2 -pic-is-pie -mframe-pointer=all -fmath-errno -ffp-contract=on -fno-rounding-math -mconstructor-aliases -funwind-tables=2 -target-cpu x86-64 -tune-cpu generic -mllvm -treat-scalable-fixed-error-as-warning -debugger-tuning=gdb -v -fcoverage-compilation-dir=/home/henryco/Projects/stereox/build/CMakeFiles/CMakeTmp -resource-dir /usr/lib/llvm-16/lib/clang/16 -internal-isystem /usr/bin/../lib/gcc/x86_64-linux-gnu/9/../../../../include/c++/9 -internal-isystem /usr/bin/../lib/gcc/x86_64-linux-gnu/9/../../../../include/x86_64-linux-gnu/c++/9 -internal-isystem /usr/bin/../lib/gcc/x86_64-linux-gnu/9/../../../../include/c++/9/backward -internal-isystem /usr/lib/llvm-16/lib/clang/16/include -internal-isystem /usr/local/include -internal-isystem /usr/bin/../lib/gcc/x86_64-linux-gnu/9/../../../../x86_64-linux-gnu/include -internal-externc-isystem /usr/include/x86_64-linux-gnu -internal-externc-isystem /include -internal-externc-isystem /usr/include -fdeprecated-macro -fdebug-compilation-dir=/home/henryco/Projects/stereox/build/CMakeFiles/CMakeTmp -ferror-limit 19 -fgnuc-version=4.2.1 -fcxx-exceptions -fexceptions -faddrsig -D__GCC_HAVE_DWARF2_CFI_ASM=1 -o CMakeFiles/cmTC_21e12.dir/CMakeCXXCompilerABI.cpp.o -x c++ /usr/share/cmake-3.16/Modules/CMakeCXXCompilerABI.cpp]
  ignore line: [clang -cc1 version 16.0.6 based upon LLVM 16.0.6 default target x86_64-pc-linux-gnu]
  ignore line: [ignoring nonexistent directory "/usr/bin/../lib/gcc/x86_64-linux-gnu/9/../../../../x86_64-linux-gnu/include"]
  ignore line: [ignoring nonexistent directory "/include"]
  ignore line: [#include "..." search starts here:]
  ignore line: [#include <...> search starts here:]
  ignore line: [ /usr/bin/../lib/gcc/x86_64-linux-gnu/9/../../../../include/c++/9]
  ignore line: [ /usr/bin/../lib/gcc/x86_64-linux-gnu/9/../../../../include/x86_64-linux-gnu/c++/9]
  ignore line: [ /usr/bin/../lib/gcc/x86_64-linux-gnu/9/../../../../include/c++/9/backward]
  ignore line: [ /usr/lib/llvm-16/lib/clang/16/include]
  ignore line: [ /usr/local/include]
  ignore line: [ /usr/include/x86_64-linux-gnu]
  ignore line: [ /usr/include]
  ignore line: [End of search list.]
  ignore line: [Linking CXX executable cmTC_21e12]
  ignore line: [/usr/bin/cmake -E cmake_link_script CMakeFiles/cmTC_21e12.dir/link.txt --verbose=1]
  ignore line: [/usr/bin/clang++-16      -v CMakeFiles/cmTC_21e12.dir/CMakeCXXCompilerABI.cpp.o  -o cmTC_21e12 ]
  ignore line: [Ubuntu clang version 16.0.6 (++20231112100455+7cbf1a259152-1~exp1~20231112100542.106)]
  ignore line: [Target: x86_64-pc-linux-gnu]
  ignore line: [Thread model: posix]
  ignore line: [InstalledDir: /usr/bin]
  ignore line: [Found candidate GCC installation: /usr/bin/../lib/gcc/x86_64-linux-gnu/8]
  ignore line: [Found candidate GCC installation: /usr/bin/../lib/gcc/x86_64-linux-gnu/9]
  ignore line: [Selected GCC installation: /usr/bin/../lib/gcc/x86_64-linux-gnu/9]
  ignore line: [Candidate multilib: .]
  ignore line: [@m64]
  ignore line: [Selected multilib: .]
  ignore line: [@m64]
  ignore line: [Found CUDA installation: /usr/local/cuda-12.0  version ]
  link line: [ "/usr/bin/ld" -pie --hash-style=gnu --build-id --eh-frame-hdr -m elf_x86_64 -dynamic-linker /lib64/ld-linux-x86-64.so.2 -o cmTC_21e12 /lib/x86_64-linux-gnu/Scrt1.o /lib/x86_64-linux-gnu/crti.o /usr/bin/../lib/gcc/x86_64-linux-gnu/9/crtbeginS.o -L/usr/bin/../lib/gcc/x86_64-linux-gnu/9 -L/usr/bin/../lib/gcc/x86_64-linux-gnu/9/../../../../lib64 -L/lib/x86_64-linux-gnu -L/lib/../lib64 -L/usr/lib/x86_64-linux-gnu -L/usr/lib/../lib64 -L/lib -L/usr/lib CMakeFiles/cmTC_21e12.dir/CMakeCXXCompilerABI.cpp.o -lstdc++ -lm -lgcc_s -lgcc -lc -lgcc_s -lgcc /usr/bin/../lib/gcc/x86_64-linux-gnu/9/crtendS.o /lib/x86_64-linux-gnu/crtn.o]
    arg [/usr/bin/ld] ==> ignore
    arg [-pie] ==> ignore
    arg [--hash-style=gnu] ==> ignore
    arg [--build-id] ==> ignore
    arg [--eh-frame-hdr] ==> ignore
    arg [-m] ==> ignore
    arg [elf_x86_64] ==> ignore
    arg [-dynamic-linker] ==> ignore
    arg [/lib64/ld-linux-x86-64.so.2] ==> ignore
    arg [-o] ==> ignore
    arg [cmTC_21e12] ==> ignore
    arg [/lib/x86_64-linux-gnu/Scrt1.o] ==> ignore
    arg [/lib/x86_64-linux-gnu/crti.o] ==> ignore
    arg [/usr/bin/../lib/gcc/x86_64-linux-gnu/9/crtbeginS.o] ==> ignore
    arg [-L/usr/bin/../lib/gcc/x86_64-linux-gnu/9] ==> dir [/usr/bin/../lib/gcc/x86_64-linux-gnu/9]
    arg [-L/usr/bin/../lib/gcc/x86_64-linux-gnu/9/../../../../lib64] ==> dir [/usr/bin/../lib/gcc/x86_64-linux-gnu/9/../../../../lib64]
    arg [-L/lib/x86_64-linux-gnu] ==> dir [/lib/x86_64-linux-gnu]
    arg [-L/lib/../lib64] ==> dir [/lib/../lib64]
    arg [-L/usr/lib/x86_64-linux-gnu] ==> dir [/usr/lib/x86_64-linux-gnu]
    arg [-L/usr/lib/../lib64] ==> dir [/usr/lib/../lib64]
    arg [-L/lib] ==> dir [/lib]
    arg [-L/usr/lib] ==> dir [/usr/lib]
    arg [CMakeFiles/cmTC_21e12.dir/CMakeCXXCompilerABI.cpp.o] ==> ignore
    arg [-lstdc++] ==> lib [stdc++]
    arg [-lm] ==> lib [m]
    arg [-lgcc_s] ==> lib [gcc_s]
    arg [-lgcc] ==> lib [gcc]
    arg [-lc] ==> lib [c]
    arg [-lgcc_s] ==> lib [gcc_s]
    arg [-lgcc] ==> lib [gcc]
    arg [/usr/bin/../lib/gcc/x86_64-linux-gnu/9/crtendS.o] ==> ignore
    arg [/lib/x86_64-linux-gnu/crtn.o] ==> ignore
  collapse library dir [/usr/bin/../lib/gcc/x86_64-linux-gnu/9] ==> [/usr/lib/gcc/x86_64-linux-gnu/9]
  collapse library dir [/usr/bin/../lib/gcc/x86_64-linux-gnu/9/../../../../lib64] ==> [/usr/lib64]
  collapse library dir [/lib/x86_64-linux-gnu] ==> [/lib/x86_64-linux-gnu]
  collapse library dir [/lib/../lib64] ==> [/lib64]
  collapse library dir [/usr/lib/x86_64-linux-gnu] ==> [/usr/lib/x86_64-linux-gnu]
  collapse library dir [/usr/lib/../lib64] ==> [/usr/lib64]
  collapse library dir [/lib] ==> [/lib]
  collapse library dir [/usr/lib] ==> [/usr/lib]
  implicit libs: [stdc++;m;gcc_s;gcc;c;gcc_s;gcc]
  implicit dirs: [/usr/lib/gcc/x86_64-linux-gnu/9;/usr/lib64;/lib/x86_64-linux-gnu;/lib64;/usr/lib/x86_64-linux-gnu;/lib;/usr/lib]
  implicit fwks: []


Determining if the CL_VERSION_2_2 exist passed with the following output:
Change Dir: /home/henryco/Projects/stereox/build/CMakeFiles/CMakeTmp

Run Build Command(s):/usr/bin/make cmTC_a63ed/fast && /usr/bin/make -f CMakeFiles/cmTC_a63ed.dir/build.make CMakeFiles/cmTC_a63ed.dir/build
make[1]: Entering directory '/home/henryco/Projects/stereox/build/CMakeFiles/CMakeTmp'
Building CXX object CMakeFiles/cmTC_a63ed.dir/CheckSymbolExists.cxx.o
/usr/bin/clang++-16    -std=gnu++2a -o CMakeFiles/cmTC_a63ed.dir/CheckSymbolExists.cxx.o -c /home/henryco/Projects/stereox/build/CMakeFiles/CMakeTmp/CheckSymbolExists.cxx
Linking CXX executable cmTC_a63ed
/usr/bin/cmake -E cmake_link_script CMakeFiles/cmTC_a63ed.dir/link.txt --verbose=1
/usr/bin/clang++-16       CMakeFiles/cmTC_a63ed.dir/CheckSymbolExists.cxx.o  -o cmTC_a63ed 
make[1]: Leaving directory '/home/henryco/Projects/stereox/build/CMakeFiles/CMakeTmp'


File /home/henryco/Projects/stereox/build/CMakeFiles/CMakeTmp/CheckSymbolExists.cxx:
/* */
#include </usr/include/CL/cl.h>

int main(int argc, char** argv)
{
  (void)argv;
#ifndef CL_VERSION_2_2
  return ((int*)(&CL_VERSION_2_2))[argc];
#else
  (void)argc;
  return 0;
#endif
}
Determining if the include file pthread.h exists passed with the following output:
Change Dir: /home/henryco/Projects/stereox/build/CMakeFiles/CMakeTmp

Run Build Command(s):/usr/bin/make cmTC_f58ab/fast && /usr/bin/make -f CMakeFiles/cmTC_f58ab.dir/build.make CMakeFiles/cmTC_f58ab.dir/build
make[1]: Entering directory '/home/henryco/Projects/stereox/build/CMakeFiles/CMakeTmp'
Building CXX object CMakeFiles/cmTC_f58ab.dir/CheckIncludeFile.cxx.o
/usr/bin/clang++-16    -std=gnu++2a -o CMakeFiles/cmTC_f58ab.dir/CheckIncludeFile.cxx.o -c /home/henryco/Projects/stereox/build/CMakeFiles/CMakeTmp/CheckIncludeFile.cxx
Linking CXX executable cmTC_f58ab
/usr/bin/cmake -E cmake_link_script CMakeFiles/cmTC_f58ab.dir/link.txt --verbose=1
/usr/bin/clang++-16       CMakeFiles/cmTC_f58ab.dir/CheckIncludeFile.cxx.o  -o cmTC_f58ab 
make[1]: Leaving directory '/home/henryco/Projects/stereox/build/CMakeFiles/CMakeTmp'



Determining if the function pthread_create exists in the pthread passed with the following output:
Change Dir: /home/henryco/Projects/stereox/build/CMakeFiles/CMakeTmp

Run Build Command(s):/usr/bin/make cmTC_3b3bb/fast && /usr/bin/make -f CMakeFiles/cmTC_3b3bb.dir/build.make CMakeFiles/cmTC_3b3bb.dir/build
make[1]: Entering directory '/home/henryco/Projects/stereox/build/CMakeFiles/CMakeTmp'
Building CXX object CMakeFiles/cmTC_3b3bb.dir/CheckFunctionExists.cxx.o
/usr/bin/clang++-16    -DCHECK_FUNCTION_EXISTS=pthread_create   -std=gnu++2a -o CMakeFiles/cmTC_3b3bb.dir/CheckFunctionExists.cxx.o -c /home/henryco/Projects/stereox/build/CMakeFiles/CheckLibraryExists/CheckFunctionExists.cxx
Linking CXX executable cmTC_3b3bb
/usr/bin/cmake -E cmake_link_script CMakeFiles/cmTC_3b3bb.dir/link.txt --verbose=1
/usr/bin/clang++-16   -DCHECK_FUNCTION_EXISTS=pthread_create    CMakeFiles/cmTC_3b3bb.dir/CheckFunctionExists.cxx.o  -o cmTC_3b3bb  -lpthread 
make[1]: Leaving directory '/home/henryco/Projects/stereox/build/CMakeFiles/CMakeTmp'



