Performing C++ SOURCE FILE Test CMAKE_HAVE_LIBC_PTHREAD failed with the following output:
Change Dir: /home/henryco/Projects/stereox/build/CMakeFiles/CMakeTmp

Run Build Command(s):/usr/bin/make cmTC_3eac5/fast && /usr/bin/make -f CMakeFiles/cmTC_3eac5.dir/build.make CMakeFiles/cmTC_3eac5.dir/build
make[1]: Entering directory '/home/henryco/Projects/stereox/build/CMakeFiles/CMakeTmp'
Building CXX object CMakeFiles/cmTC_3eac5.dir/src.cxx.o
/usr/bin/clang++-16    -DCMAKE_HAVE_LIBC_PTHREAD   -std=gnu++2a -o CMakeFiles/cmTC_3eac5.dir/src.cxx.o -c /home/henryco/Projects/stereox/build/CMakeFiles/CMakeTmp/src.cxx
Linking CXX executable cmTC_3eac5
/usr/bin/cmake -E cmake_link_script CMakeFiles/cmTC_3eac5.dir/link.txt --verbose=1
/usr/bin/clang++-16   -DCMAKE_HAVE_LIBC_PTHREAD    CMakeFiles/cmTC_3eac5.dir/src.cxx.o  -o cmTC_3eac5 
/usr/bin/ld: CMakeFiles/cmTC_3eac5.dir/src.cxx.o: in function `main':
src.cxx:(.text+0x32): undefined reference to `pthread_create'
/usr/bin/ld: src.cxx:(.text+0x3b): undefined reference to `pthread_detach'
/usr/bin/ld: src.cxx:(.text+0x48): undefined reference to `pthread_join'
clang: error: linker command failed with exit code 1 (use -v to see invocation)
make[1]: *** [CMakeFiles/cmTC_3eac5.dir/build.make:87: cmTC_3eac5] Error 1
make[1]: Leaving directory '/home/henryco/Projects/stereox/build/CMakeFiles/CMakeTmp'
make: *** [Makefile:121: cmTC_3eac5/fast] Error 2


Source file was:
#include <pthread.h>

void* test_func(void* data)
{
  return data;
}

int main(void)
{
  pthread_t thread;
  pthread_create(&thread, NULL, test_func, NULL);
  pthread_detach(thread);
  pthread_join(thread, NULL);
  pthread_atfork(NULL, NULL, NULL);
  pthread_exit(NULL);

  return 0;
}

Determining if the function pthread_create exists in the pthreads failed with the following output:
Change Dir: /home/henryco/Projects/stereox/build/CMakeFiles/CMakeTmp

Run Build Command(s):/usr/bin/make cmTC_12630/fast && /usr/bin/make -f CMakeFiles/cmTC_12630.dir/build.make CMakeFiles/cmTC_12630.dir/build
make[1]: Entering directory '/home/henryco/Projects/stereox/build/CMakeFiles/CMakeTmp'
Building CXX object CMakeFiles/cmTC_12630.dir/CheckFunctionExists.cxx.o
/usr/bin/clang++-16    -DCHECK_FUNCTION_EXISTS=pthread_create   -std=gnu++2a -o CMakeFiles/cmTC_12630.dir/CheckFunctionExists.cxx.o -c /home/henryco/Projects/stereox/build/CMakeFiles/CheckLibraryExists/CheckFunctionExists.cxx
Linking CXX executable cmTC_12630
/usr/bin/cmake -E cmake_link_script CMakeFiles/cmTC_12630.dir/link.txt --verbose=1
/usr/bin/clang++-16   -DCHECK_FUNCTION_EXISTS=pthread_create    CMakeFiles/cmTC_12630.dir/CheckFunctionExists.cxx.o  -o cmTC_12630  -lpthreads 
/usr/bin/ld: cannot find -lpthreads
clang: error: linker command failed with exit code 1 (use -v to see invocation)
make[1]: *** [CMakeFiles/cmTC_12630.dir/build.make:87: cmTC_12630] Error 1
make[1]: Leaving directory '/home/henryco/Projects/stereox/build/CMakeFiles/CMakeTmp'
make: *** [Makefile:121: cmTC_12630/fast] Error 2



